# JRE version: Java(TM) SE Runtime Environment (8.0_202-b08) (build 1.8.0_202-b08)
# Java VM: Java HotSpot(TM) 64-Bit Server VM (25.202-b08 mixed mode windows-amd64 compressed oops)
Heap:
 PSYoungGen      total 133120K, used 54339K [0x00000000ebd00000, 0x00000000f6700000, 0x0000000100000000)
  eden space 121344K, 37% used [0x00000000ebd00000,0x00000000ee8eaac0,0x00000000f3380000)
  from space 11776K, 79% used [0x00000000f3380000,0x00000000f3ca6198,0x00000000f3f00000)
  to   space 12288K, 0% used [0x00000000f5b00000,0x00000000f5b00000,0x00000000f6700000)
 ParOldGen       total 75776K, used 23828K [0x00000000c3600000, 0x00000000c8000000, 0x00000000ebd00000)
  object space 75776K, 31% used [0x00000000c3600000,0x00000000c4d453d0,0x00000000c8000000)
 Metaspace       used 47353K, capacity 47870K, committed 48256K, reserved 1091584K
  class space    used 6104K, capacity 6243K, committed 6272K, reserved 1048576K
GC Heap History (10 events):
Event: 14.526 GC heap before
{Heap before GC invocations=11 (full 1):
 PSYoungGen      total 100352K, used 100345K [0x00000000ebd00000, 0x00000000f3f80000, 0x0000000100000000)
  eden space 93184K, 100% used [0x00000000ebd00000,0x00000000f1800000,0x00000000f1800000)
  from space 7168K, 99% used [0x00000000f3580000,0x00000000f3c7e530,0x00000000f3c80000)
  to   space 3072K, 0% used [0x00000000f3c80000,0x00000000f3c80000,0x00000000f3f80000)
 ParOldGen       total 38912K, used 11815K [0x00000000c3600000, 0x00000000c5c00000, 0x00000000ebd00000)
  object space 38912K, 30% used [0x00000000c3600000,0x00000000c4189c28,0x00000000c5c00000)
 Metaspace       used 33315K, capacity 33780K, committed 34048K, reserved 1079296K
  class space    used 4089K, capacity 4234K, committed 4352K, reserved 1048576K
Event: 14.553 GC heap after
Heap after GC invocations=11 (full 1):
 PSYoungGen      total 110080K, used 3068K [0x00000000ebd00000, 0x00000000f3f80000, 0x0000000100000000)
  eden space 107008K, 0% used [0x00000000ebd00000,0x00000000ebd00000,0x00000000f2580000)
  from space 3072K, 99% used [0x00000000f3c80000,0x00000000f3f7f088,0x00000000f3f80000)
  to   space 11776K, 0% used [0x00000000f2880000,0x00000000f2880000,0x00000000f3400000)
 ParOldGen       total 38912K, used 22433K [0x00000000c3600000, 0x00000000c5c00000, 0x00000000ebd00000)
  object space 38912K, 57% used [0x00000000c3600000,0x00000000c4be86d0,0x00000000c5c00000)
 Metaspace       used 33315K, capacity 33780K, committed 34048K, reserved 1079296K
  class space    used 4089K, capacity 4234K, committed 4352K, reserved 1048576K
}
Event: 16.073 GC heap before
{Heap before GC invocations=12 (full 1):
 PSYoungGen      total 110080K, used 33805K [0x00000000ebd00000, 0x00000000f3f80000, 0x0000000100000000)
  eden space 107008K, 28% used [0x00000000ebd00000,0x00000000edb044b0,0x00000000f2580000)
  from space 3072K, 99% used [0x00000000f3c80000,0x00000000f3f7f088,0x00000000f3f80000)
  to   space 11776K, 0% used [0x00000000f2880000,0x00000000f2880000,0x00000000f3400000)
 ParOldGen       total 38912K, used 22433K [0x00000000c3600000, 0x00000000c5c00000, 0x00000000ebd00000)
  object space 38912K, 57% used [0x00000000c3600000,0x00000000c4be86d0,0x00000000c5c00000)
 Metaspace       used 34863K, capacity 35294K, committed 35496K, reserved 1081344K
  class space    used 4243K, capacity 4343K, committed 4352K, reserved 1048576K
Event: 16.082 GC heap after
Heap after GC invocations=12 (full 1):
 PSYoungGen      total 121856K, used 5304K [0x00000000ebd00000, 0x00000000f4a00000, 0x0000000100000000)
  eden space 110080K, 0% used [0x00000000ebd00000,0x00000000ebd00000,0x00000000f2880000)
  from space 11776K, 45% used [0x00000000f2880000,0x00000000f2dae370,0x00000000f3400000)
  to   space 11264K, 0% used [0x00000000f3f00000,0x00000000f3f00000,0x00000000f4a00000)
 ParOldGen       total 38912K, used 23501K [0x00000000c3600000, 0x00000000c5c00000, 0x00000000ebd00000)
  object space 38912K, 60% used [0x00000000c3600000,0x00000000c4cf36f0,0x00000000c5c00000)
 Metaspace       used 34863K, capacity 35294K, committed 35496K, reserved 1081344K
  class space    used 4243K, capacity 4343K, committed 4352K, reserved 1048576K
}
Event: 16.082 GC heap before
{Heap before GC invocations=13 (full 2):
 PSYoungGen      total 121856K, used 5304K [0x00000000ebd00000, 0x00000000f4a00000, 0x0000000100000000)
  eden space 110080K, 0% used [0x00000000ebd00000,0x00000000ebd00000,0x00000000f2880000)
  from space 11776K, 45% used [0x00000000f2880000,0x00000000f2dae370,0x00000000f3400000)
  to   space 11264K, 0% used [0x00000000f3f00000,0x00000000f3f00000,0x00000000f4a00000)
 ParOldGen       total 38912K, used 23501K [0x00000000c3600000, 0x00000000c5c00000, 0x00000000ebd00000)
  object space 38912K, 60% used [0x00000000c3600000,0x00000000c4cf36f0,0x00000000c5c00000)
 Metaspace       used 34863K, capacity 35294K, committed 35496K, reserved 1081344K
  class space    used 4243K, capacity 4343K, committed 4352K, reserved 1048576K
Event: 16.164 GC heap after
Heap after GC invocations=13 (full 2):
 PSYoungGen      total 121856K, used 0K [0x00000000ebd00000, 0x00000000f4a00000, 0x0000000100000000)
  eden space 110080K, 0% used [0x00000000ebd00000,0x00000000ebd00000,0x00000000f2880000)
  from space 11776K, 0% used [0x00000000f2880000,0x00000000f2880000,0x00000000f3400000)
  to   space 11264K, 0% used [0x00000000f3f00000,0x00000000f3f00000,0x00000000f4a00000)
 ParOldGen       total 75776K, used 23812K [0x00000000c3600000, 0x00000000c8000000, 0x00000000ebd00000)
  object space 75776K, 31% used [0x00000000c3600000,0x00000000c4d413d0,0x00000000c8000000)
 Metaspace       used 34863K, capacity 35294K, committed 35496K, reserved 1081344K
  class space    used 4243K, capacity 4343K, committed 4352K, reserved 1048576K
}
Event: 19.866 GC heap before
{Heap before GC invocations=14 (full 2):
 PSYoungGen      total 121856K, used 110080K [0x00000000ebd00000, 0x00000000f4a00000, 0x0000000100000000)
  eden space 110080K, 100% used [0x00000000ebd00000,0x00000000f2880000,0x00000000f2880000)
  from space 11776K, 0% used [0x00000000f2880000,0x00000000f2880000,0x00000000f3400000)
  to   space 11264K, 0% used [0x00000000f3f00000,0x00000000f3f00000,0x00000000f4a00000)
 ParOldGen       total 75776K, used 23812K [0x00000000c3600000, 0x00000000c8000000, 0x00000000ebd00000)
  object space 75776K, 31% used [0x00000000c3600000,0x00000000c4d413d0,0x00000000c8000000)
 Metaspace       used 42572K, capacity 43082K, committed 43264K, reserved 1087488K
  class space    used 5460K, capacity 5593K, committed 5632K, reserved 1048576K
Event: 19.882 GC heap after
Heap after GC invocations=14 (full 2):
 PSYoungGen      total 132608K, used 8225K [0x00000000ebd00000, 0x00000000f5200000, 0x0000000100000000)
  eden space 121344K, 0% used [0x00000000ebd00000,0x00000000ebd00000,0x00000000f3380000)
  from space 11264K, 73% used [0x00000000f3f00000,0x00000000f4708630,0x00000000f4a00000)
  to   space 11776K, 0% used [0x00000000f3380000,0x00000000f3380000,0x00000000f3f00000)
 ParOldGen       total 75776K, used 23820K [0x00000000c3600000, 0x00000000c8000000, 0x00000000ebd00000)
  object space 75776K, 31% used [0x00000000c3600000,0x00000000c4d433d0,0x00000000c8000000)
 Metaspace       used 42572K, capacity 43082K, committed 43264K, reserved 1087488K
  class space    used 5460K, capacity 5593K, committed 5632K, reserved 1048576K
}
Event: 22.669 GC heap before
{Heap before GC invocations=15 (full 2):
 PSYoungGen      total 132608K, used 129569K [0x00000000ebd00000, 0x00000000f5200000, 0x0000000100000000)
  eden space 121344K, 100% used [0x00000000ebd00000,0x00000000f3380000,0x00000000f3380000)
  from space 11264K, 73% used [0x00000000f3f00000,0x00000000f4708630,0x00000000f4a00000)
  to   space 11776K, 0% used [0x00000000f3380000,0x00000000f3380000,0x00000000f3f00000)
 ParOldGen       total 75776K, used 23820K [0x00000000c3600000, 0x00000000c8000000, 0x00000000ebd00000)
  object space 75776K, 31% used [0x00000000c3600000,0x00000000c4d433d0,0x00000000c8000000)
 Metaspace       used 46487K, capacity 46970K, committed 47360K, reserved 1091584K
  class space    used 5980K, capacity 6113K, committed 6144K, reserved 1048576K
Event: 22.746 GC heap after
Heap after GC invocations=15 (full 2):
 PSYoungGen      total 133120K, used 9368K [0x00000000ebd00000, 0x00000000f6700000, 0x0000000100000000)
  eden space 121344K, 0% used [0x00000000ebd00000,0x00000000ebd00000,0x00000000f3380000)
  from space 11776K, 79% used [0x00000000f3380000,0x00000000f3ca6198,0x00000000f3f00000)
  to   space 12288K, 0% used [0x00000000f5b00000,0x00000000f5b00000,0x00000000f6700000)
 ParOldGen       total 75776K, used 23828K [0x00000000c3600000, 0x00000000c8000000, 0x00000000ebd00000)
  object space 75776K, 31% used [0x00000000c3600000,0x00000000c4d453d0,0x00000000c8000000)
 Metaspace       used 46487K, capacity 46970K, committed 47360K, reserved 1091584K
  class space    used 5980K, capacity 6113K, committed 6144K, reserved 1048576K
}

