# JRE version: Java(TM) SE Runtime Environment (8.0_202-b08) (build 1.8.0_202-b08)
# Java VM: Java HotSpot(TM) 64-Bit Server VM (25.202-b08 mixed mode windows-amd64 compressed oops)
Heap:
 PSYoungGen      total 164864K, used 24085K [0x00000000ebd00000, 0x00000000f9680000, 0x0000000100000000)
  eden space 152576K, 8% used [0x00000000ebd00000,0x00000000eca5f5f8,0x00000000f5200000)
  from space 12288K, 84% used [0x00000000f5200000,0x00000000f5c26060,0x00000000f5e00000)
  to   space 13312K, 0% used [0x00000000f8980000,0x00000000f8980000,0x00000000f9680000)
 ParOldGen       total 58880K, used 20153K [0x00000000c3600000, 0x00000000c6f80000, 0x00000000ebd00000)
  object space 58880K, 34% used [0x00000000c3600000,0x00000000c49ae400,0x00000000c6f80000)
 Metaspace       used 47201K, capacity 47706K, committed 48000K, reserved 1091584K
  class space    used 6079K, capacity 6209K, committed 6272K, reserved 1048576K
GC Heap History (10 events):
Event: 15.488 GC heap before
{Heap before GC invocations=13 (full 1):
 PSYoungGen      total 105472K, used 105441K [0x00000000ebd00000, 0x00000000f3f00000, 0x0000000100000000)
  eden space 99840K, 100% used [0x00000000ebd00000,0x00000000f1e80000,0x00000000f1e80000)
  from space 5632K, 99% used [0x00000000f1e80000,0x00000000f23f8590,0x00000000f2400000)
  to   space 8192K, 0% used [0x00000000f3700000,0x00000000f3700000,0x00000000f3f00000)
 ParOldGen       total 32256K, used 12557K [0x00000000c3600000, 0x00000000c5580000, 0x00000000ebd00000)
  object space 32256K, 38% used [0x00000000c3600000,0x00000000c42437e8,0x00000000c5580000)
 Metaspace       used 34228K, capacity 34696K, committed 35072K, reserved 1079296K
  class space    used 4181K, capacity 4302K, committed 4352K, reserved 1048576K
Event: 15.505 GC heap after
Heap after GC invocations=13 (full 1):
 PSYoungGen      total 121856K, used 8186K [0x00000000ebd00000, 0x00000000f5400000, 0x0000000100000000)
  eden space 113664K, 0% used [0x00000000ebd00000,0x00000000ebd00000,0x00000000f2c00000)
  from space 8192K, 99% used [0x00000000f3700000,0x00000000f3efebd0,0x00000000f3f00000)
  to   space 11264K, 0% used [0x00000000f2c00000,0x00000000f2c00000,0x00000000f3700000)
 ParOldGen       total 32256K, used 18003K [0x00000000c3600000, 0x00000000c5580000, 0x00000000ebd00000)
  object space 32256K, 55% used [0x00000000c3600000,0x00000000c4794ed0,0x00000000c5580000)
 Metaspace       used 34228K, capacity 34696K, committed 35072K, reserved 1079296K
  class space    used 4181K, capacity 4302K, committed 4352K, reserved 1048576K
}
Event: 16.086 GC heap before
{Heap before GC invocations=14 (full 1):
 PSYoungGen      total 121856K, used 29562K [0x00000000ebd00000, 0x00000000f5400000, 0x0000000100000000)
  eden space 113664K, 18% used [0x00000000ebd00000,0x00000000ed1dfd60,0x00000000f2c00000)
  from space 8192K, 99% used [0x00000000f3700000,0x00000000f3efebd0,0x00000000f3f00000)
  to   space 11264K, 0% used [0x00000000f2c00000,0x00000000f2c00000,0x00000000f3700000)
 ParOldGen       total 32256K, used 18003K [0x00000000c3600000, 0x00000000c5580000, 0x00000000ebd00000)
  object space 32256K, 55% used [0x00000000c3600000,0x00000000c4794ed0,0x00000000c5580000)
 Metaspace       used 34908K, capacity 35358K, committed 35496K, reserved 1081344K
  class space    used 4244K, capacity 4343K, committed 4352K, reserved 1048576K
Event: 16.102 GC heap after
Heap after GC invocations=14 (full 1):
 PSYoungGen      total 124928K, used 1407K [0x00000000ebd00000, 0x00000000f6c00000, 0x0000000100000000)
  eden space 113664K, 0% used [0x00000000ebd00000,0x00000000ebd00000,0x00000000f2c00000)
  from space 11264K, 12% used [0x00000000f2c00000,0x00000000f2d5ffc0,0x00000000f3700000)
  to   space 11264K, 0% used [0x00000000f6100000,0x00000000f6100000,0x00000000f6c00000)
 ParOldGen       total 32256K, used 22426K [0x00000000c3600000, 0x00000000c5580000, 0x00000000ebd00000)
  object space 32256K, 69% used [0x00000000c3600000,0x00000000c4be6bf0,0x00000000c5580000)
 Metaspace       used 34908K, capacity 35358K, committed 35496K, reserved 1081344K
  class space    used 4244K, capacity 4343K, committed 4352K, reserved 1048576K
}
Event: 16.102 GC heap before
{Heap before GC invocations=15 (full 2):
 PSYoungGen      total 124928K, used 1407K [0x00000000ebd00000, 0x00000000f6c00000, 0x0000000100000000)
  eden space 113664K, 0% used [0x00000000ebd00000,0x00000000ebd00000,0x00000000f2c00000)
  from space 11264K, 12% used [0x00000000f2c00000,0x00000000f2d5ffc0,0x00000000f3700000)
  to   space 11264K, 0% used [0x00000000f6100000,0x00000000f6100000,0x00000000f6c00000)
 ParOldGen       total 32256K, used 22426K [0x00000000c3600000, 0x00000000c5580000, 0x00000000ebd00000)
  object space 32256K, 69% used [0x00000000c3600000,0x00000000c4be6bf0,0x00000000c5580000)
 Metaspace       used 34908K, capacity 35358K, committed 35496K, reserved 1081344K
  class space    used 4244K, capacity 4343K, committed 4352K, reserved 1048576K
Event: 16.252 GC heap after
Heap after GC invocations=15 (full 2):
 PSYoungGen      total 124928K, used 0K [0x00000000ebd00000, 0x00000000f6c00000, 0x0000000100000000)
  eden space 113664K, 0% used [0x00000000ebd00000,0x00000000ebd00000,0x00000000f2c00000)
  from space 11264K, 0% used [0x00000000f2c00000,0x00000000f2c00000,0x00000000f3700000)
  to   space 11264K, 0% used [0x00000000f6100000,0x00000000f6100000,0x00000000f6c00000)
 ParOldGen       total 58880K, used 20137K [0x00000000c3600000, 0x00000000c6f80000, 0x00000000ebd00000)
  object space 58880K, 34% used [0x00000000c3600000,0x00000000c49aa400,0x00000000c6f80000)
 Metaspace       used 34908K, capacity 35358K, committed 35496K, reserved 1081344K
  class space    used 4244K, capacity 4343K, committed 4352K, reserved 1048576K
}
Event: 18.996 GC heap before
{Heap before GC invocations=16 (full 2):
 PSYoungGen      total 124928K, used 113664K [0x00000000ebd00000, 0x00000000f6c00000, 0x0000000100000000)
  eden space 113664K, 100% used [0x00000000ebd00000,0x00000000f2c00000,0x00000000f2c00000)
  from space 11264K, 0% used [0x00000000f2c00000,0x00000000f2c00000,0x00000000f3700000)
  to   space 11264K, 0% used [0x00000000f6100000,0x00000000f6100000,0x00000000f6c00000)
 ParOldGen       total 58880K, used 20137K [0x00000000c3600000, 0x00000000c6f80000, 0x00000000ebd00000)
  object space 58880K, 34% used [0x00000000c3600000,0x00000000c49aa400,0x00000000c6f80000)
 Metaspace       used 42982K, capacity 43466K, committed 43904K, reserved 1087488K
  class space    used 5515K, capacity 5657K, committed 5760K, reserved 1048576K
Event: 19.010 GC heap after
Heap after GC invocations=16 (full 2):
 PSYoungGen      total 155136K, used 8795K [0x00000000ebd00000, 0x00000000f6a00000, 0x0000000100000000)
  eden space 145920K, 0% used [0x00000000ebd00000,0x00000000ebd00000,0x00000000f4b80000)
  from space 9216K, 95% used [0x00000000f6100000,0x00000000f6996f70,0x00000000f6a00000)
  to   space 12288K, 0% used [0x00000000f5200000,0x00000000f5200000,0x00000000f5e00000)
 ParOldGen       total 58880K, used 20145K [0x00000000c3600000, 0x00000000c6f80000, 0x00000000ebd00000)
  object space 58880K, 34% used [0x00000000c3600000,0x00000000c49ac400,0x00000000c6f80000)
 Metaspace       used 42982K, capacity 43466K, committed 43904K, reserved 1087488K
  class space    used 5515K, capacity 5657K, committed 5760K, reserved 1048576K
}
Event: 22.696 GC heap before
{Heap before GC invocations=17 (full 2):
 PSYoungGen      total 155136K, used 154715K [0x00000000ebd00000, 0x00000000f6a00000, 0x0000000100000000)
  eden space 145920K, 100% used [0x00000000ebd00000,0x00000000f4b80000,0x00000000f4b80000)
  from space 9216K, 95% used [0x00000000f6100000,0x00000000f6996f70,0x00000000f6a00000)
  to   space 12288K, 0% used [0x00000000f5200000,0x00000000f5200000,0x00000000f5e00000)
 ParOldGen       total 58880K, used 20145K [0x00000000c3600000, 0x00000000c6f80000, 0x00000000ebd00000)
  object space 58880K, 34% used [0x00000000c3600000,0x00000000c49ac400,0x00000000c6f80000)
 Metaspace       used 46745K, capacity 47226K, committed 47744K, reserved 1091584K
  class space    used 6023K, capacity 6177K, committed 6272K, reserved 1048576K
Event: 22.830 GC heap after
Heap after GC invocations=17 (full 2):
 PSYoungGen      total 164864K, used 10392K [0x00000000ebd00000, 0x00000000f9680000, 0x0000000100000000)
  eden space 152576K, 0% used [0x00000000ebd00000,0x00000000ebd00000,0x00000000f5200000)
  from space 12288K, 84% used [0x00000000f5200000,0x00000000f5c26060,0x00000000f5e00000)
  to   space 13312K, 0% used [0x00000000f8980000,0x00000000f8980000,0x00000000f9680000)
 ParOldGen       total 58880K, used 20153K [0x00000000c3600000, 0x00000000c6f80000, 0x00000000ebd00000)
  object space 58880K, 34% used [0x00000000c3600000,0x00000000c49ae400,0x00000000c6f80000)
 Metaspace       used 46745K, capacity 47226K, committed 47744K, reserved 1091584K
  class space    used 6023K, capacity 6177K, committed 6272K, reserved 1048576K
}

